login success!
[2026-02-11 01:30:02.169271] 启动每日同步任务...
当前进度: 0/4583
🚩 [修复模式] sh.600116 数据失效，重刷历史...
当前进度: 200/4583
🚩 [修复模式] sh.600502 数据失效，重刷历史...
当前进度: 400/4583
当前进度: 600/4583
当前进度: 800/4583
当前进度: 1000/4583
🚩 [修复模式] sh.603162 数据失效，重刷历史...
🚩 [修复模式] sh.603165 数据失效，重刷历史...
当前进度: 1200/4583
当前进度: 1400/4583
🚩 [修复模式] sh.603893 数据失效，重刷历史...
🚩 [修复模式] sh.603919 数据失效，重刷历史...
当前进度: 1600/4583
当前进度: 1800/4583
🚩 [修复模式] sz.000596 数据失效，重刷历史...
当前进度: 2000/4583
🚩 [修复模式] sz.001227 数据失效，重刷历史...
当前进度: 2200/4583
当前进度: 2400/4583
🚩 [修复模式] sz.002252 数据失效，重刷历史...
当前进度: 2600/4583
当前进度: 2800/4583
当前进度: 3000/4583
当前进度: 3200/4583
当前进度: 3400/4583
当前进度: 3600/4583
当前进度: 3800/4583
当前进度: 4000/4583
当前进度: 4200/4583
🚩 [修复模式] sz.301113 数据失效，重刷历史...
当前进度: 4400/4583
logout success!
✨ 全市场数据同步任务已圆满结束！
30: command not found
